<?xml version="1.0" encoding="UTF-8"?>
<testng-results skipped="0" failed="1" total="1" passed="0">
  <reporter-output>
  </reporter-output>
  <suite name="clfacebooklogin" duration-ms="52" started-at="2017-06-24T08:33:12Z" finished-at="2017-06-24T08:33:12Z">
    <groups>
      <group name="regression">
        <method signature="Fb_login.Verify_Validlogin()[pri:0, instance:interview.Fb_login@1d51a1a1]" name="Verify_Validlogin" class="interview.Fb_login"/>
      </group> <!-- regression -->
      <group name="smoke">
        <method signature="Fb_login.Verify_Validlogin()[pri:0, instance:interview.Fb_login@1d51a1a1]" name="Verify_Validlogin" class="interview.Fb_login"/>
      </group> <!-- smoke -->
    </groups>
    <test name="verfing_fblogin" duration-ms="52" started-at="2017-06-24T08:33:12Z" finished-at="2017-06-24T08:33:12Z">
      <class name="interview.Fb_login">
        <test-method status="FAIL" signature="Verify_Validlogin()[pri:0, instance:interview.Fb_login@1d51a1a1]" name="Verify_Validlogin" duration-ms="32" started-at="2017-06-24T14:03:12Z" finished-at="2017-06-24T14:03:12Z">
          <exception class="java.lang.NullPointerException">
            <full-stacktrace>
              <![CDATA[java.lang.NullPointerException
	at org.openqa.selenium.support.pagefactory.DefaultElementLocator.findElement(DefaultElementLocator.java:69)
	at org.openqa.selenium.support.pagefactory.internal.LocatingElementHandler.invoke(LocatingElementHandler.java:38)
	at com.sun.proxy.$Proxy8.sendKeys(Unknown Source)
	at Repository.loginpage.login(loginpage.java:30)
	at interview.Fb_login.Verify_Validlogin(Fb_login.java:13)
	at sun.reflect.NativeMethodAccessorImpl.invoke0(Native Method)
	at sun.reflect.NativeMethodAccessorImpl.invoke(Unknown Source)
	at sun.reflect.DelegatingMethodAccessorImpl.invoke(Unknown Source)
	at java.lang.reflect.Method.invoke(Unknown Source)
	at org.testng.internal.MethodInvocationHelper.invokeMethod(MethodInvocationHelper.java:85)
	at org.testng.internal.Invoker.invokeMethod(Invoker.java:639)
	at org.testng.internal.Invoker.invokeTestMethod(Invoker.java:816)
	at org.testng.internal.Invoker.invokeTestMethods(Invoker.java:1124)
	at org.testng.internal.TestMethodWorker.invokeTestMethods(TestMethodWorker.java:125)
	at org.testng.internal.TestMethodWorker.run(TestMethodWorker.java:108)
	at org.testng.TestRunner.privateRun(TestRunner.java:774)
	at org.testng.TestRunner.run(TestRunner.java:624)
	at org.testng.SuiteRunner.runTest(SuiteRunner.java:359)
	at org.testng.SuiteRunner.runSequentially(SuiteRunner.java:354)
	at org.testng.SuiteRunner.privateRun(SuiteRunner.java:312)
	at org.testng.SuiteRunner.run(SuiteRunner.java:261)
	at org.testng.SuiteRunnerWorker.runSuite(SuiteRunnerWorker.java:52)
	at org.testng.SuiteRunnerWorker.run(SuiteRunnerWorker.java:86)
	at org.testng.TestNG.runSuitesSequentially(TestNG.java:1215)
	at org.testng.TestNG.runSuitesLocally(TestNG.java:1140)
	at org.testng.TestNG.run(TestNG.java:1048)
	at org.testng.remote.RemoteTestNG.run(RemoteTestNG.java:112)
	at org.testng.remote.RemoteTestNG.initAndRun(RemoteTestNG.java:205)
	at org.testng.remote.RemoteTestNG.main(RemoteTestNG.java:176)
]]>
            </full-stacktrace>
          </exception> <!-- java.lang.NullPointerException -->
          <reporter-output>
          </reporter-output>
        </test-method> <!-- Verify_Validlogin -->
      </class> <!-- interview.Fb_login -->
    </test> <!-- verfing_fblogin -->
  </suite> <!-- clfacebooklogin -->
</testng-results>
