<?xml version="1.0" encoding="UTF-8"?>
<!-- Generated by org.testng.reporters.JUnitXMLReporter -->
<testsuite hostname="srinivas" name="verfing_fblogin" tests="1" failures="1" timestamp="24 Jun 2017 08:31:39 GMT" time="0.215" errors="0">
  <testcase name="Verify_Validlogin" time="0.155" classname="interview.Fb_login">
    <failure type="java.lang.NullPointerException">
      <![CDATA[java.lang.NullPointerException
	at org.openqa.selenium.support.pagefactory.DefaultElementLocator.findElement(DefaultElementLocator.java:69)
	at org.openqa.selenium.support.pagefactory.internal.LocatingElementHandler.invoke(LocatingElementHandler.java:38)
	at com.sun.proxy.$Proxy8.sendKeys(Unknown Source)
	at Repository.loginpage.login(loginpage.java:30)
	at interview.Fb_login.Verify_Validlogin(Fb_login.java:13)
... Removed 24 stack frames]]>
    </failure>
  </testcase> <!-- Verify_Validlogin -->
</testsuite> <!-- verfing_fblogin -->
